d:\ws\surebackup\build\surebackup.dir\debug\vc143.pdb
d:\ws\surebackup\build\surebackup.dir\debug\standardbackupstrategy.obj
d:\ws\surebackup\build\surebackup.dir\debug\backupengine.obj
d:\ws\surebackup\build\surebackup.dir\debug\comparingbackupstrategy.obj
d:\ws\surebackup\build\surebackup.dir\debug\parallelbackupstrategy.obj
d:\ws\surebackup\build\surebackup.dir\debug\backuputils.obj
d:\ws\surebackup\build\surebackup.dir\debug\main.obj
d:\ws\surebackup\build\cmakefiles\generate.stamp
d:\ws\surebackup\build\debug\surebackup.exe
d:\ws\surebackup\build\debug\surebackup.pdb
d:\ws\surebackup\build\surebackup.dir\debug\surebackup.ilk
d:\ws\surebackup\build\surebackup.dir\debug\surebackup.tlog\cl.command.1.tlog
d:\ws\surebackup\build\surebackup.dir\debug\surebackup.tlog\cl.items.tlog
d:\ws\surebackup\build\surebackup.dir\debug\surebackup.tlog\cl.read.1.tlog
d:\ws\surebackup\build\surebackup.dir\debug\surebackup.tlog\cl.write.1.tlog
d:\ws\surebackup\build\surebackup.dir\debug\surebackup.tlog\custombuild.command.1.tlog
d:\ws\surebackup\build\surebackup.dir\debug\surebackup.tlog\custombuild.read.1.tlog
d:\ws\surebackup\build\surebackup.dir\debug\surebackup.tlog\custombuild.write.1.tlog
d:\ws\surebackup\build\surebackup.dir\debug\surebackup.tlog\link.command.1.tlog
d:\ws\surebackup\build\surebackup.dir\debug\surebackup.tlog\link.read.1.tlog
d:\ws\surebackup\build\surebackup.dir\debug\surebackup.tlog\link.secondary.1.tlog
d:\ws\surebackup\build\surebackup.dir\debug\surebackup.tlog\link.write.1.tlog
